e:\5 сем\осисп\лаба3.3\somedll\debug\vc142.pdb
e:\5 сем\осисп\лаба3.3\somedll\debug\vc142.idb
e:\5 сем\осисп\лаба3.3\somedll\debug\source.obj
e:\5 сем\осисп\лаба3.3\debug\somedll.lib
e:\5 сем\осисп\лаба3.3\debug\somedll.dll
e:\5 сем\осисп\лаба3.3\debug\somedll.ilk
e:\5 сем\осисп\лаба3.3\debug\somedll.pdb
e:\5 сем\осисп\лаба3.3\debug\somedll.exp
e:\5 сем\осисп\лаба3.3\somedll\debug\somedll.idb
e:\5 сем\осисп\лаба3.3\somedll\debug\somedll.pdb
e:\5 сем\осисп\лаба3.3\somedll\debug\somedll.tlog\cl.command.1.tlog
e:\5 сем\осисп\лаба3.3\somedll\debug\somedll.tlog\cl.read.1.tlog
e:\5 сем\осисп\лаба3.3\somedll\debug\somedll.tlog\cl.write.1.tlog
e:\5 сем\осисп\лаба3.3\somedll\debug\somedll.tlog\lib-link.read.1.tlog
e:\5 сем\осисп\лаба3.3\somedll\debug\somedll.tlog\lib-link.write.1.tlog
e:\5 сем\осисп\лаба3.3\somedll\debug\somedll.tlog\lib.command.1.tlog
e:\5 сем\осисп\лаба3.3\somedll\debug\somedll.tlog\link.20612.delete.1.tlog
e:\5 сем\осисп\лаба3.3\somedll\debug\somedll.tlog\link.command.1.tlog
e:\5 сем\осисп\лаба3.3\somedll\debug\somedll.tlog\link.delete.1.tlog
e:\5 сем\осисп\лаба3.3\somedll\debug\somedll.tlog\link.read.1.tlog
e:\5 сем\осисп\лаба3.3\somedll\debug\somedll.tlog\link.write.1.tlog
e:\5 сем\осисп\лаба3.3\somedll\debug\somedll.tlog\somedll.write.1u.tlog
